2022-01-28T21:40:24.164Z	INFO	controllers.DevWorkspaceRouting	Reconciling DevWorkspaceRouting	{"Request.Namespace": "dev-studio-workspace-nm-company-com-zsobsb", "Request.Name": "routing-workspace40d5c314bea044ab", "devworkspace_id": "workspace40d5c314bea044ab"}
2022-01-28T21:40:24.164Z	INFO	controllers.DevWorkspaceRouting	Adding Finalizer for the DevWorkspaceRouting	{"Request.Namespace": "dev-studio-workspace-nm-company-com-zsobsb", "Request.Name": "routing-workspace40d5c314bea044ab", "devworkspace_id": "workspace40d5c314bea044ab"}
2022-01-28T21:40:24.186Z	INFO	sync	Creating a new object	{"kind": "v1.ConfigMap", "name": "workspace40d5c314bea044ab-route", "namespace": "dev-studio"}
2022-01-28T21:40:24.194Z	INFO	sync	Creating a new object	{"kind": "v1.ConfigMap", "name": "workspace40d5c314bea044ab-route", "namespace": "dev-studio-workspace-nm-company-com-zsobsb"}
2022-01-28T21:40:24.225Z	INFO	controllers.DevWorkspaceRouting	Created object	{"Request.Namespace": "dev-studio-workspace-nm-company-com-zsobsb", "Request.Name": "routing-workspace40d5c314bea044ab", "kind": "v1.Service", "name": "workspace40d5c314bea044ab-service"}
2022-01-28T21:40:24.225Z	INFO	controllers.DevWorkspaceRouting	Services not in sync	{"Request.Namespace": "dev-studio-workspace-nm-company-com-zsobsb", "Request.Name": "routing-workspace40d5c314bea044ab", "devworkspace_id": "workspace40d5c314bea044ab"}
2022-01-28T21:40:24.238Z	INFO	controllers.DevWorkspaceRouting	Reconciling DevWorkspaceRouting	{"Request.Namespace": "dev-studio-workspace-nm-company-com-zsobsb", "Request.Name": "routing-workspace40d5c314bea044ab", "devworkspace_id": "workspace40d5c314bea044ab"}
2022-01-28T21:40:24.261Z	INFO	controllers.DevWorkspaceRouting	Reconciling DevWorkspaceRouting	{"Request.Namespace": "dev-studio-workspace-nm-company-com-zsobsb", "Request.Name": "routing-workspace40d5c314bea044ab", "devworkspace_id": "workspace40d5c314bea044ab"}
2022-01-28T21:40:24.281Z	INFO	controllers.DevWorkspaceRouting	Reconciling DevWorkspaceRouting	{"Request.Namespace": "dev-studio-workspace-nm-company-com-zsobsb", "Request.Name": "routing-workspace40d5c314bea044ab", "devworkspace_id": "workspace40d5c314bea044ab"}
2022-01-28T21:40:24.281Z	INFO	controllers.DevWorkspaceRouting	Adding Finalizer for the DevWorkspaceRouting	{"Request.Namespace": "dev-studio-workspace-nm-company-com-zsobsb", "Request.Name": "routing-workspace40d5c314bea044ab", "devworkspace_id": "workspace40d5c314bea044ab"}
2022-01-28T21:40:24.295Z	INFO	sync	Updating existing object	{"kind": "ConfigMap", "name": "workspace40d5c314bea044ab-route", "namespace": "dev-studio"}
2022-01-28T21:40:24.305Z	INFO	sync	Updating existing object	{"kind": "ConfigMap", "name": "workspace40d5c314bea044ab-route", "namespace": "dev-studio-workspace-nm-company-com-zsobsb"}
2022-01-28T21:40:24.369Z	INFO	controllers.DevWorkspaceRouting	Reconciling DevWorkspaceRouting	{"Request.Namespace": "dev-studio-workspace-nm-company-com-zsobsb", "Request.Name": "routing-workspace40d5c314bea044ab", "devworkspace_id": "workspace40d5c314bea044ab"}
2022-01-28T21:40:24.383Z	ERROR	controller-runtime.manager.controller.devworkspacerouting	Reconciler error	{"reconciler group": "controller.devfile.io", "reconciler kind": "DevWorkspaceRouting", "name": "routing-workspace40d5c314bea044ab", "namespace": "dev-studio-workspace-nm-company-com-zsobsb", "error": "Operation cannot be fulfilled on devworkspaceroutings.controller.devfile.io \"routing-workspace40d5c314bea044ab\": the object has been modified; please apply your changes to the latest version and try again"}
sigs.k8s.io/controller-runtime/pkg/internal/controller.(*Controller).processNextWorkItem
	/che-operator/vendor/sigs.k8s.io/controller-runtime/pkg/internal/controller/controller.go:253
sigs.k8s.io/controller-runtime/pkg/internal/controller.(*Controller).Start.func2.2
	/che-operator/vendor/sigs.k8s.io/controller-runtime/pkg/internal/controller/controller.go:214
2022-01-28T21:40:24.383Z	INFO	controllers.DevWorkspaceRouting	Reconciling DevWorkspaceRouting	{"Request.Namespace": "dev-studio-workspace-nm-company-com-zsobsb", "Request.Name": "routing-workspace40d5c314bea044ab", "devworkspace_id": "workspace40d5c314bea044ab"}
2022-01-28T21:40:24.389Z	INFO	controllers.DevWorkspaceRouting	Reconciling DevWorkspaceRouting	{"Request.Namespace": "dev-studio-workspace-nm-company-com-zsobsb", "Request.Name": "routing-workspace40d5c314bea044ab", "devworkspace_id": "workspace40d5c314bea044ab"}
I0128 21:40:25.257267       1 request.go:668] Waited for 1.047026145s due to client-side throttling, not priority and fairness, request: GET:https://10.43.0.1:443/apis/workspace.devfile.io/v1alpha2?timeout=32s
time="2022-01-28T21:40:30Z" level=info msg="Successfully reconciled."
I0128 21:40:35.306699       1 request.go:668] Waited for 1.246148219s due to client-side throttling, not priority and fairness, request: GET:https://10.43.0.1:443/apis/apm.k8s.elastic.co/v1?timeout=32s
time="2022-01-28T21:40:38Z" level=info msg="Successfully reconciled."
